WARNING: No output specified with docker-container driver. Build result will only remain in the build cache. To push result image into registry use --push or to load image into docker use --load
ERROR: unable to prepare context: path "cyberpotinit/." not found
WARNING: No output specified with docker-container driver. Build result will only remain in the build cache. To push result image into registry use --push or to load image into docker use --load
ERROR: unable to prepare context: path "adbhoney/." not found
WARNING: No output specified with docker-container driver. Build result will only remain in the build cache. To push result image into registry use --push or to load image into docker use --load
ERROR: unable to prepare context: path "ciscoasa/." not found
WARNING: No output specified with docker-container driver. Build result will only remain in the build cache. To push result image into registry use --push or to load image into docker use --load
ERROR: unable to prepare context: path "citrixhoneypot/." not found
WARNING: No output specified with docker-container driver. Build result will only remain in the build cache. To push result image into registry use --push or to load image into docker use --load
ERROR: unable to prepare context: path "conpot/." not found
WARNING: No output specified with docker-container driver. Build result will only remain in the build cache. To push result image into registry use --push or to load image into docker use --load
ERROR: unable to prepare context: path "cowrie/." not found
WARNING: No output specified with docker-container driver. Build result will only remain in the build cache. To push result image into registry use --push or to load image into docker use --load
ERROR: unable to prepare context: path "ddospot/." not found
WARNING: No output specified with docker-container driver. Build result will only remain in the build cache. To push result image into registry use --push or to load image into docker use --load
ERROR: unable to prepare context: path "dicompot/." not found
WARNING: No output specified with docker-container driver. Build result will only remain in the build cache. To push result image into registry use --push or to load image into docker use --load
ERROR: unable to prepare context: path "dionaea/." not found
WARNING: No output specified with docker-container driver. Build result will only remain in the build cache. To push result image into registry use --push or to load image into docker use --load
ERROR: unable to prepare context: path "elasticpot/." not found
WARNING: No output specified with docker-container driver. Build result will only remain in the build cache. To push result image into registry use --push or to load image into docker use --load
ERROR: unable to prepare context: path "endlessh/." not found
WARNING: No output specified with docker-container driver. Build result will only remain in the build cache. To push result image into registry use --push or to load image into docker use --load
ERROR: unable to prepare context: path "ewsposter/." not found
WARNING: No output specified with docker-container driver. Build result will only remain in the build cache. To push result image into registry use --push or to load image into docker use --load
ERROR: unable to prepare context: path "fatt/." not found
WARNING: No output specified with docker-container driver. Build result will only remain in the build cache. To push result image into registry use --push or to load image into docker use --load
ERROR: unable to prepare context: path "hellpot/." not found
WARNING: No output specified with docker-container driver. Build result will only remain in the build cache. To push result image into registry use --push or to load image into docker use --load
ERROR: unable to prepare context: path "heralding/." not found
WARNING: No output specified with docker-container driver. Build result will only remain in the build cache. To push result image into registry use --push or to load image into docker use --load
ERROR: unable to prepare context: path "honeypots/." not found
WARNING: No output specified with docker-container driver. Build result will only remain in the build cache. To push result image into registry use --push or to load image into docker use --load
ERROR: unable to prepare context: path "honeytrap/." not found
WARNING: No output specified with docker-container driver. Build result will only remain in the build cache. To push result image into registry use --push or to load image into docker use --load
ERROR: unable to prepare context: path "ipphoney/." not found
WARNING: No output specified with docker-container driver. Build result will only remain in the build cache. To push result image into registry use --push or to load image into docker use --load
ERROR: unable to prepare context: path "log4pot/." not found
WARNING: No output specified with docker-container driver. Build result will only remain in the build cache. To push result image into registry use --push or to load image into docker use --load
ERROR: unable to prepare context: path "mailoney/." not found
WARNING: No output specified with docker-container driver. Build result will only remain in the build cache. To push result image into registry use --push or to load image into docker use --load
ERROR: unable to prepare context: path "medpot/." not found
WARNING: No output specified with docker-container driver. Build result will only remain in the build cache. To push result image into registry use --push or to load image into docker use --load
ERROR: unable to prepare context: path "nginx/." not found
WARNING: No output specified with docker-container driver. Build result will only remain in the build cache. To push result image into registry use --push or to load image into docker use --load
ERROR: unable to prepare context: path "p0f/." not found
WARNING: No output specified with docker-container driver. Build result will only remain in the build cache. To push result image into registry use --push or to load image into docker use --load
ERROR: unable to prepare context: path "redishoneypot/." not found
WARNING: No output specified with docker-container driver. Build result will only remain in the build cache. To push result image into registry use --push or to load image into docker use --load
ERROR: unable to prepare context: path "sentrypeer/." not found
WARNING: No output specified with docker-container driver. Build result will only remain in the build cache. To push result image into registry use --push or to load image into docker use --load
ERROR: unable to prepare context: path "spiderfoot/." not found
WARNING: No output specified with docker-container driver. Build result will only remain in the build cache. To push result image into registry use --push or to load image into docker use --load
ERROR: unable to prepare context: path "suricata/." not found
WARNING: No output specified with docker-container driver. Build result will only remain in the build cache. To push result image into registry use --push or to load image into docker use --load
ERROR: unable to prepare context: path "wordpot/." not found
WARNING: No output specified with docker-container driver. Build result will only remain in the build cache. To push result image into registry use --push or to load image into docker use --load
ERROR: unable to prepare context: path "elk/elasticsearch/." not found
WARNING: No output specified with docker-container driver. Build result will only remain in the build cache. To push result image into registry use --push or to load image into docker use --load
ERROR: unable to prepare context: path "elk/kibana/." not found
WARNING: No output specified with docker-container driver. Build result will only remain in the build cache. To push result image into registry use --push or to load image into docker use --load
ERROR: unable to prepare context: path "elk/logstash/." not found
WARNING: No output specified with docker-container driver. Build result will only remain in the build cache. To push result image into registry use --push or to load image into docker use --load
ERROR: unable to prepare context: path "elk/map/." not found
WARNING: No output specified with docker-container driver. Build result will only remain in the build cache. To push result image into registry use --push or to load image into docker use --load
ERROR: unable to prepare context: path "tanner/phpox/." not found
WARNING: No output specified with docker-container driver. Build result will only remain in the build cache. To push result image into registry use --push or to load image into docker use --load
ERROR: unable to prepare context: path "tanner/redis/." not found
WARNING: No output specified with docker-container driver. Build result will only remain in the build cache. To push result image into registry use --push or to load image into docker use --load
ERROR: unable to prepare context: path "tanner/snare/." not found
WARNING: No output specified with docker-container driver. Build result will only remain in the build cache. To push result image into registry use --push or to load image into docker use --load
ERROR: unable to prepare context: path "tanner/tanner/." not found
