Error building cyberpotinit
Error building adbhoney
Error building ciscoasa
Error building citrixhoneypot
Error building conpot
Error building cowrie
Error building ddospot
Error building dicompot
Error building dionaea
Error building elasticpot
Error building endlessh
Error building ewsposter
Error building fatt
Error building hellpot
Error building heralding
Error building honeypots
Error building honeytrap
Error building ipphoney
Error building log4pot
Error building mailoney
Error building medpot
Error building nginx
Error building p0f
Error building redishoneypot
Error building sentrypeer
Error building spiderfoot
Error building suricata
Error building wordpot
Error building elasticsearch
Error building kibana
Error building logstash
Error building map
Error building phpox
Error building redis
Error building snare
Error building tanner
